#include <unistd.h>
#include <sys/stat.h>
#include <fcntl.h>
#include <stdlib.h>
#include <stdio.h> // Include for debugging

int main() {
    char block[1024];
    int in, out;
    int nread;

    // Open input file
    in = open("filecopy.c", O_RDONLY);
    if (in == -1) {
        perror("Error opening input file");
        exit(1);
    }
    printf("Input file opened successfully\n");

    // Open or create output file
    out = open("file.out", O_WRONLY|O_CREAT, S_IRUSR|S_IWUSR);
    if (out == -1) {
        perror("Error opening/creating output file");
        exit(1);
    }
    printf("Output file opened/created successfully\n");

    // Read from input file and write to output file
    while ((nread = read(in, block, sizeof(block))) > 0) {
        printf("Read %d bytes from input file\n", nread);
        if (write(out, block, nread) != nread) {
            perror("Error writing to output file");
            exit(1);
        }
        printf("Wrote %d bytes to output file\n", nread);
    }

    if (nread == -1) {
        perror("Error reading from input file");
        exit(1);
    }

    printf("End of input file\n");

    // Close files
    close(in);
    close(out);

    printf("Files closed successfully\n");

    exit(0);
}
